2025-07-08 19:30:24,585 - server - INFO - API路由已注册，前缀: /api/v1
2025-07-08 19:30:24,587 - server - INFO - 启动服务器: NewLoveLushUserService v1.0.0
2025-07-08 19:30:25,536 - server - INFO - API路由已注册，前缀: /api/v1
2025-07-08 19:30:25,726 - server - INFO - API路由已注册，前缀: /api/v1
2025-07-08 19:30:25,728 - server - INFO - 正在连接数据库...
2025-07-08 19:30:25,838 - database - ERROR - Failed to connect to MongoDB: Authentication failed., full error: {'ok': 0.0, 'errmsg': 'Authentication failed.', 'code': 18, 'codeName': 'AuthenticationFailed'}
2025-07-08 19:30:25,838 - server - ERROR - 数据库连接失败: Authentication failed., full error: {'ok': 0.0, 'errmsg': 'Authentication failed.', 'code': 18, 'codeName': 'AuthenticationFailed'}
2025-07-08 19:48:09,662 - server - INFO - API路由已注册，前缀: /api/v1
2025-07-08 19:48:09,671 - server - INFO - 启动服务器: NewLoveLushUserService v1.0.0
2025-07-08 19:48:10,631 - server - INFO - API路由已注册，前缀: /api/v1
2025-07-08 19:48:10,723 - server - INFO - API路由已注册，前缀: /api/v1
2025-07-08 19:48:10,725 - server - INFO - 正在连接数据库...
2025-07-08 19:48:10,805 - database - ERROR - Failed to connect to MongoDB: Authentication failed., full error: {'ok': 0.0, 'errmsg': 'Authentication failed.', 'code': 18, 'codeName': 'AuthenticationFailed'}
2025-07-08 19:48:10,805 - server - ERROR - 数据库连接失败: Authentication failed., full error: {'ok': 0.0, 'errmsg': 'Authentication failed.', 'code': 18, 'codeName': 'AuthenticationFailed'}
2025-07-08 19:57:27,697 - server - INFO - API路由已注册，前缀: /api/v1
2025-07-08 19:57:27,849 - server - INFO - API路由已注册，前缀: /api/v1
2025-07-08 19:57:27,849 - server - INFO - API路由已注册，前缀: /api/v1
2025-07-08 19:57:27,851 - server - INFO - 正在连接数据库...
2025-07-08 19:57:27,851 - server - INFO - 正在连接数据库...
2025-07-08 19:57:27,851 - server - INFO - 数据库连接已跳过或成功
2025-07-08 19:57:27,851 - server - INFO - 数据库连接已跳过或成功
2025-07-08 19:58:31,660 - server - INFO - API路由已注册，前缀: /api/v1
2025-07-08 19:58:31,660 - server - INFO - 启动服务器: NewLoveLushUserService v1.0.0
2025-07-08 19:58:32,635 - server - INFO - API路由已注册，前缀: /api/v1
2025-07-08 19:58:32,731 - server - INFO - API路由已注册，前缀: /api/v1
2025-07-08 19:58:32,733 - server - INFO - 正在连接数据库...
2025-07-08 19:58:32,733 - server - INFO - 数据库连接已跳过或成功
2025-07-08 19:59:35,722 - user_service - INFO - 尝试创建新男性用户: 1655745347864687646876358786
2025-07-08 19:59:35,723 - database - ERROR - Error inserting document: 'NoneType' object is not subscriptable
2025-07-08 19:59:35,724 - user_service - ERROR - 创建用户失败: 'NoneType' object is not subscriptable
2025-07-08 20:02:03,483 - server - INFO - 正在关闭数据库连接...
2025-07-08 20:02:03,484 - server - INFO - 数据库连接已关闭或跳过
2025-07-08 20:02:03,559 - server - INFO - 正在关闭数据库连接...
2025-07-08 20:02:03,560 - server - INFO - 数据库连接已关闭或跳过
2025-07-08 20:02:04,808 - server - INFO - API路由已注册，前缀: /api/v1
2025-07-08 20:02:04,808 - server - INFO - API路由已注册，前缀: /api/v1
2025-07-08 20:02:04,811 - server - INFO - API路由已注册，前缀: /api/v1
2025-07-08 20:02:04,920 - server - INFO - API路由已注册，前缀: /api/v1
2025-07-08 20:02:04,920 - server - INFO - API路由已注册，前缀: /api/v1
2025-07-08 20:02:04,920 - server - INFO - API路由已注册，前缀: /api/v1
2025-07-08 20:02:04,924 - server - INFO - 正在连接数据库...
2025-07-08 20:02:04,925 - server - INFO - 数据库连接已跳过或成功
2025-07-08 20:02:04,926 - server - INFO - 正在连接数据库...
2025-07-08 20:02:04,926 - server - INFO - 正在连接数据库...
2025-07-08 20:02:04,928 - server - INFO - 数据库连接已跳过或成功
2025-07-08 20:02:04,929 - server - INFO - 数据库连接已跳过或成功
2025-07-08 20:02:52,344 - server - INFO - 正在关闭数据库连接...
2025-07-08 20:02:52,372 - server - INFO - 数据库连接已关闭或跳过
2025-07-08 20:03:54,136 - server - INFO - API路由已注册，前缀: /api/v1
2025-07-08 20:03:54,137 - server - INFO - 启动服务器: NewLoveLushUserService v1.0.0
2025-07-08 20:03:55,090 - server - INFO - API路由已注册，前缀: /api/v1
2025-07-08 20:03:55,164 - server - INFO - API路由已注册，前缀: /api/v1
2025-07-08 20:03:55,166 - server - INFO - 正在连接数据库...
2025-07-08 20:03:55,167 - server - INFO - 数据库连接已跳过或成功
2025-07-08 20:19:16,537 - server - INFO - 正在关闭数据库连接...
2025-07-08 20:19:16,537 - server - INFO - 数据库连接已关闭或跳过
2025-07-08 20:25:33,541 - server - INFO - API路由已注册，前缀: /api/v1
2025-07-08 20:25:33,541 - server - INFO - 启动服务器: NewLoveLushUserService v1.0.0
2025-07-08 20:25:34,328 - server - INFO - API路由已注册，前缀: /api/v1
2025-07-08 20:25:34,451 - server - INFO - API路由已注册，前缀: /api/v1
2025-07-08 20:25:34,453 - server - INFO - 正在连接数据库...
2025-07-08 20:25:34,453 - server - INFO - 数据库连接已跳过或成功
2025-07-08 20:26:09,854 - user_service - INFO - 尝试创建新男性用户: 5374531435743557698334635746534163987
2025-07-08 20:26:09,854 - user_service - INFO - 模拟用户创建成功，模拟ID: 571ff498-c320-4660-9f7e-7ecfe2b09002
2025-07-08 20:27:04,847 - user_service - INFO - 尝试创建新男性用户: 34967463997838743748576
2025-07-08 20:27:04,848 - user_service - INFO - 模拟用户创建成功，模拟ID: 502d64fa-e119-42f3-b843-47768a48ef23
2025-07-08 20:28:34,407 - user_service - INFO - 尝试创建新男性用户: 34967463997838743748576
2025-07-08 20:28:34,407 - user_service - INFO - 模拟用户创建成功，模拟ID: c3849265-78ad-4ddb-bdb7-9986ce584853
2025-07-08 20:51:59,619 - server - INFO - 正在关闭数据库连接...
2025-07-08 20:51:59,620 - server - INFO - 数据库连接已关闭或跳过
2025-07-08 21:13:23,041 - server - INFO - API路由已注册，前缀: /api/v1
2025-07-08 21:13:23,042 - server - INFO - 启动服务器: NewLoveLushUserService v1.0.0
2025-07-08 21:13:24,105 - server - INFO - API路由已注册，前缀: /api/v1
2025-07-08 21:13:24,172 - server - INFO - API路由已注册，前缀: /api/v1
2025-07-08 21:13:24,173 - server - INFO - 正在连接数据库...
2025-07-08 21:13:25,386 - database - INFO - Connected to MongoDB successfully
2025-07-08 21:13:25,387 - server - INFO - 数据库连接成功
2025-07-08 21:15:04,672 - user_service - INFO - 尝试创建新男性用户: 6853745876874685
2025-07-08 21:15:05,395 - database - INFO - Inserted document with id: 686d19d880ab0b074d9ca6ee
2025-07-08 21:15:05,396 - user_service - INFO - 用户数据已插入 MongoDB，ID: 686d19d880ab0b074d9ca6ee
2025-07-08 21:32:30,570 - server - INFO - 正在关闭数据库连接...
2025-07-08 21:32:30,700 - database - INFO - Closed MongoDB connection
2025-07-08 21:32:30,700 - server - INFO - 数据库连接已关闭
2025-07-08 21:32:31,957 - server - INFO - API路由已注册，前缀: /api/v1
2025-07-08 21:32:32,005 - server - INFO - API路由已注册，前缀: /api/v1
2025-07-08 21:32:32,006 - server - INFO - 正在连接数据库...
2025-07-08 21:32:33,142 - database - INFO - Connected to MongoDB successfully
2025-07-08 21:32:33,142 - server - INFO - 数据库连接成功
2025-07-08 21:32:42,880 - server - INFO - 正在关闭数据库连接...
2025-07-08 21:32:42,880 - database - INFO - Closed MongoDB connection
2025-07-08 21:32:42,880 - server - INFO - 数据库连接已关闭
2025-07-08 21:32:43,813 - server - INFO - API路由已注册，前缀: /api/v1
2025-07-08 21:32:43,863 - server - INFO - API路由已注册，前缀: /api/v1
2025-07-08 21:32:43,865 - server - INFO - 正在连接数据库...
2025-07-08 21:32:44,993 - database - INFO - Connected to MongoDB successfully
2025-07-08 21:32:44,994 - server - INFO - 数据库连接成功
2025-07-08 21:32:54,722 - server - INFO - 正在关闭数据库连接...
2025-07-08 21:32:54,722 - database - INFO - Closed MongoDB connection
2025-07-08 21:32:54,723 - server - INFO - 数据库连接已关闭
2025-07-08 21:32:55,669 - server - INFO - API路由已注册，前缀: /api/v1
2025-07-08 21:32:55,719 - server - INFO - API路由已注册，前缀: /api/v1
2025-07-08 21:32:55,721 - server - INFO - 正在连接数据库...
2025-07-08 21:32:56,731 - database - INFO - Connected to MongoDB successfully
2025-07-08 21:32:56,732 - server - INFO - 数据库连接成功
2025-07-08 21:36:00,074 - server - INFO - API路由已注册，前缀: /api/v1
2025-07-08 21:36:00,074 - server - INFO - 启动服务器: NewLoveLushUserService v1.0.0
2025-07-08 21:36:01,086 - server - INFO - API路由已注册，前缀: /api/v1
2025-07-08 21:36:01,145 - server - INFO - API路由已注册，前缀: /api/v1
2025-07-08 21:36:01,147 - server - INFO - 正在连接数据库...
2025-07-08 21:36:01,839 - database - INFO - Connected to MongoDB successfully
2025-07-08 21:36:01,840 - server - INFO - 数据库连接成功
2025-07-08 21:37:10,514 - user_service - INFO - 尝试获取用户ID 7226798439 的性别
2025-07-08 21:37:11,559 - user_service - WARNING - 未找到用户ID 7226798439 或其性别信息
2025-07-08 21:38:35,765 - server - INFO - 正在关闭数据库连接...
2025-07-08 21:38:36,670 - database - INFO - Closed MongoDB connection
2025-07-08 21:38:36,670 - server - INFO - 数据库连接已关闭
2025-07-08 21:46:42,167 - server - INFO - API路由已注册，前缀: /api/v1
2025-07-08 21:46:42,169 - server - INFO - 启动服务器: NewLoveLushUserService v1.0.0
2025-07-08 21:46:43,125 - server - INFO - API路由已注册，前缀: /api/v1
2025-07-08 21:46:43,190 - server - INFO - API路由已注册，前缀: /api/v1
2025-07-08 21:46:43,192 - server - INFO - 正在连接数据库...
2025-07-08 21:46:44,153 - database - INFO - Connected to MongoDB successfully
2025-07-08 21:46:44,154 - server - INFO - 数据库连接成功
2025-07-08 21:47:44,133 - user_service - INFO - 尝试获取用户ID 7226798439 的性别
2025-07-08 21:47:44,987 - user_service - WARNING - 未找到用户ID 7226798439 或其性别信息
2025-07-08 21:49:12,850 - user_service - INFO - 尝试获取用户ID 7226798439 的性别
2025-07-08 21:49:12,988 - user_service - WARNING - 未找到用户ID 7226798439 或其性别信息
2025-07-08 21:52:49,543 - server - INFO - 正在关闭数据库连接...
2025-07-08 21:52:49,675 - database - INFO - Closed MongoDB connection
2025-07-08 21:52:49,676 - server - INFO - 数据库连接已关闭
2025-07-08 21:52:51,031 - server - INFO - API路由已注册，前缀: /api/v1
2025-07-08 21:52:51,083 - server - INFO - API路由已注册，前缀: /api/v1
2025-07-08 21:52:51,084 - server - INFO - 正在连接数据库...
2025-07-08 21:52:52,212 - database - INFO - Connected to MongoDB successfully
2025-07-08 21:52:52,213 - server - INFO - 数据库连接成功
2025-07-08 21:58:34,299 - server - INFO - 正在关闭数据库连接...
2025-07-08 21:58:34,300 - database - INFO - Closed MongoDB connection
2025-07-08 21:58:34,300 - server - INFO - 数据库连接已关闭
2025-07-08 21:58:35,296 - server - INFO - API路由已注册，前缀: /api/v1
2025-07-08 21:58:35,353 - server - INFO - API路由已注册，前缀: /api/v1
2025-07-08 21:58:35,354 - server - INFO - 正在连接数据库...
2025-07-08 21:58:36,446 - database - INFO - Connected to MongoDB successfully
2025-07-08 21:58:36,446 - server - INFO - 数据库连接成功
2025-07-08 21:59:26,593 - server - INFO - API路由已注册，前缀: /api/v1
2025-07-08 21:59:26,594 - server - INFO - 启动服务器: NewLoveLushUserService v1.0.0
2025-07-08 21:59:27,615 - server - INFO - API路由已注册，前缀: /api/v1
2025-07-08 21:59:27,674 - server - INFO - API路由已注册，前缀: /api/v1
2025-07-08 21:59:27,676 - server - INFO - 正在连接数据库...
2025-07-08 21:59:28,272 - database - INFO - Connected to MongoDB successfully
2025-07-08 21:59:28,273 - server - INFO - 数据库连接成功
2025-07-08 22:00:24,992 - user_service - INFO - 尝试获取用户ID 7226798439 的性别
2025-07-08 22:00:25,679 - user_service - INFO - 找到用户ID 7226798439 的性别: female
2025-07-08 22:21:17,594 - user_service - INFO - 尝试创建新男性用户: 53487475873878
2025-07-08 22:21:17,726 - database - INFO - Inserted document with id: 686d295d3051eddcc6a2ceed
2025-07-08 22:21:17,727 - user_service - INFO - 用户数据已插入 MongoDB，ID: 686d295d3051eddcc6a2ceed
2025-07-09 11:28:13,455 - server - INFO - API路由已注册，前缀: /api/v1
2025-07-09 11:28:13,456 - server - INFO - 启动服务器: NewLoveLushUserService v1.0.0
2025-07-09 11:28:14,542 - server - INFO - API路由已注册，前缀: /api/v1
2025-07-09 11:28:14,640 - server - INFO - API路由已注册，前缀: /api/v1
2025-07-09 11:28:14,643 - server - INFO - 正在连接数据库...
2025-07-09 11:28:14,692 - database - INFO - Connected to MongoDB successfully
2025-07-09 11:28:14,693 - server - INFO - 数据库连接成功
2025-07-09 11:34:30,122 - user_service - INFO - 尝试获取用户ID 7226798439 的性别
2025-07-09 11:34:30,156 - user_service - INFO - 找到用户ID 7226798439 的性别: male
2025-07-09 11:34:37,202 - user_service - INFO - 尝试获取用户ID 7226798439 的性别
2025-07-09 11:34:37,206 - user_service - INFO - 找到用户ID 7226798439 的性别: male
2025-07-09 11:34:39,336 - user_service - INFO - 尝试获取用户ID 7226798439 的性别
2025-07-09 11:34:39,342 - user_service - INFO - 找到用户ID 7226798439 的性别: male
2025-07-09 11:39:44,713 - user_service - INFO - 尝试创建新男性用户: test_fetch
2025-07-09 11:39:44,717 - database - INFO - Inserted document with id: 686de4806f602663741606ca
2025-07-09 11:39:44,717 - user_service - INFO - 用户数据已插入 MongoDB，ID: 686de4806f602663741606ca
2025-07-09 12:06:39,735 - server - INFO - 正在关闭数据库连接...
2025-07-09 12:06:39,737 - database - INFO - Closed MongoDB connection
2025-07-09 12:06:39,738 - server - INFO - 数据库连接已关闭
2025-07-09 13:22:06,102 - server - INFO - API路由已注册，前缀: /api/v1
2025-07-09 13:22:06,103 - server - INFO - 启动服务器: NewLoveLushUserService v1.0.0
2025-07-09 13:22:07,226 - server - INFO - API路由已注册，前缀: /api/v1
2025-07-09 13:22:07,282 - server - INFO - API路由已注册，前缀: /api/v1
2025-07-09 13:22:07,284 - server - INFO - 正在连接数据库...
2025-07-09 13:22:07,336 - database - INFO - Connected to MongoDB successfully
2025-07-09 13:22:07,337 - server - INFO - 数据库连接成功
2025-07-09 14:01:37,627 - user_service - INFO - 尝试创建新男性用户: test_connection
2025-07-09 14:01:37,660 - database - INFO - Inserted document with id: 686e05c1e281454f48e1ce25
2025-07-09 14:01:37,660 - user_service - INFO - 用户数据已插入 MongoDB，ID: 686e05c1e281454f48e1ce25
2025-07-09 14:03:00,762 - user_service - INFO - 尝试创建新男性用户: test_connection
2025-07-09 14:03:00,765 - database - INFO - Inserted document with id: 686e0614e281454f48e1ce26
2025-07-09 14:03:00,766 - user_service - INFO - 用户数据已插入 MongoDB，ID: 686e0614e281454f48e1ce26
2025-07-09 14:06:14,352 - user_service - INFO - 尝试创建新男性用户: non_telegram_tester
2025-07-09 14:06:14,355 - database - INFO - Inserted document with id: 686e06d6e281454f48e1ce27
2025-07-09 14:06:14,355 - user_service - INFO - 用户数据已插入 MongoDB，ID: 686e06d6e281454f48e1ce27
2025-07-09 14:07:09,640 - user_service - INFO - 尝试创建新男性用户: non_telegram_tester
2025-07-09 14:07:09,647 - database - INFO - Inserted document with id: 686e070de281454f48e1ce28
2025-07-09 14:07:09,648 - user_service - INFO - 用户数据已插入 MongoDB，ID: 686e070de281454f48e1ce28
2025-07-09 16:18:52,236 - server - INFO - API路由已注册，前缀: /api/v1
2025-07-09 16:18:52,237 - server - INFO - 启动服务器: NewLoveLushUserService v1.0.0
2025-07-09 16:18:53,782 - server - INFO - API路由已注册，前缀: /api/v1
2025-07-09 16:18:53,830 - server - INFO - API路由已注册，前缀: /api/v1
2025-07-09 16:18:53,833 - server - INFO - 正在连接数据库...
2025-07-09 16:18:53,879 - database - INFO - Connected to MongoDB successfully
2025-07-09 16:18:53,881 - server - INFO - 数据库连接成功
2025-07-09 16:38:02,998 - user_service - INFO - 尝试创建新男性用户: test_user_123
2025-07-09 16:38:03,215 - database - INFO - Inserted document with id: 686e2a6b8e1038f0b792e703
2025-07-09 16:38:03,216 - user_service - INFO - 用户数据已插入 MongoDB，ID: 686e2a6b8e1038f0b792e703
2025-07-09 16:38:09,158 - user_service - INFO - 尝试获取用户ID 686e2a6b8e1038f0b792e703 的性别
2025-07-09 16:38:09,159 - user_service - ERROR - 用户ID 686e2a6b8e1038f0b792e703 无法转换为整数。
2025-07-09 16:44:32,452 - server - INFO - API路由已注册，前缀: /api/v1
2025-07-09 16:44:32,455 - server - INFO - 启动服务器: NewLoveLushUserService v1.0.0
2025-07-09 16:44:36,882 - server - INFO - API路由已注册，前缀: /api/v1
2025-07-09 16:44:37,291 - server - INFO - API路由已注册，前缀: /api/v1
2025-07-09 16:44:37,305 - server - INFO - 正在连接数据库...
2025-07-09 16:44:42,393 - database - ERROR - Failed to connect to MongoDB: No servers found yet, Timeout: 5.0s, Topology Description: <TopologyDescription id: 686e2bf566b4b5eb0eddad12, topology_type: Unknown, servers: [<ServerDescription ('8.216.32.239', 27017) server_type: Unknown, rtt: None>]>
2025-07-09 16:44:42,394 - server - ERROR - 数据库连接失败: No servers found yet, Timeout: 5.0s, Topology Description: <TopologyDescription id: 686e2bf566b4b5eb0eddad12, topology_type: Unknown, servers: [<ServerDescription ('8.216.32.239', 27017) server_type: Unknown, rtt: None>]>
2025-07-09 16:47:01,836 - server - INFO - API路由已注册，前缀: /api/v1
2025-07-09 16:47:01,837 - server - INFO - 启动服务器: NewLoveLushUserService v1.0.0
2025-07-09 16:47:02,656 - server - INFO - API路由已注册，前缀: /api/v1
2025-07-09 16:47:02,729 - server - INFO - API路由已注册，前缀: /api/v1
2025-07-09 16:47:02,731 - server - INFO - 正在连接数据库...
2025-07-09 16:47:07,740 - database - ERROR - Failed to connect to MongoDB: No servers found yet, Timeout: 5.0s, Topology Description: <TopologyDescription id: 686e2c8607d9e8c68c9481fb, topology_type: Unknown, servers: [<ServerDescription ('8.216.32.239', 27017) server_type: Unknown, rtt: None>]>
2025-07-09 16:47:07,741 - server - ERROR - 数据库连接失败: No servers found yet, Timeout: 5.0s, Topology Description: <TopologyDescription id: 686e2c8607d9e8c68c9481fb, topology_type: Unknown, servers: [<ServerDescription ('8.216.32.239', 27017) server_type: Unknown, rtt: None>]>
2025-07-09 16:51:37,413 - server - INFO - API路由已注册，前缀: /api/v1
2025-07-09 16:51:37,414 - server - INFO - 启动服务器: NewLoveLushUserService v1.0.0
2025-07-09 16:51:38,221 - server - INFO - API路由已注册，前缀: /api/v1
2025-07-09 16:51:38,255 - server - INFO - API路由已注册，前缀: /api/v1
2025-07-09 16:51:38,257 - server - INFO - 正在连接数据库...
2025-07-09 16:51:38,293 - database - INFO - Connected to MongoDB successfully
2025-07-09 16:51:38,293 - server - INFO - 数据库连接成功
2025-07-09 17:45:42,143 - user_service - INFO - 尝试创建新男性用户: string
2025-07-09 17:45:42,167 - database - INFO - Inserted document with id: 686e3a46836c440930e64d47
2025-07-09 17:45:42,167 - user_service - INFO - 用户数据已插入 MongoDB，ID: 686e3a46836c440930e64d47
2025-07-09 19:20:13,213 - server - INFO - 正在关闭数据库连接...
2025-07-09 19:20:13,216 - database - INFO - Closed MongoDB connection
2025-07-09 19:20:13,217 - server - INFO - 数据库连接已关闭
2025-07-09 19:20:14,639 - server - INFO - API路由已注册，前缀: /api/v1
2025-07-09 19:20:14,738 - server - INFO - API路由已注册，前缀: /api/v1
2025-07-09 19:20:14,740 - server - INFO - 正在连接数据库...
2025-07-09 19:20:14,812 - database - INFO - Connected to MongoDB successfully
2025-07-09 19:20:14,813 - server - INFO - 数据库连接成功
2025-07-10 01:04:15,734 - server - INFO - API路由已注册，前缀: /api/v1
2025-07-10 01:04:15,849 - server - INFO - API路由已注册，前缀: /api/v1
2025-07-10 01:04:15,851 - server - INFO - 正在连接数据库...
2025-07-10 01:04:15,930 - database - INFO - Connected to MongoDB successfully
2025-07-10 01:04:15,931 - server - INFO - 数据库连接成功
2025-07-10 01:04:32,884 - server - INFO - 正在关闭数据库连接...
2025-07-10 01:04:32,885 - database - INFO - Closed MongoDB connection
2025-07-10 01:04:32,885 - server - INFO - 数据库连接已关闭
2025-07-10 01:04:33,694 - server - INFO - API路由已注册，前缀: /api/v1
2025-07-10 01:04:33,750 - server - INFO - API路由已注册，前缀: /api/v1
2025-07-10 01:04:33,752 - server - INFO - 正在连接数据库...
2025-07-10 01:04:33,794 - database - INFO - Connected to MongoDB successfully
2025-07-10 01:04:33,794 - server - INFO - 数据库连接成功
2025-07-10 01:05:35,278 - server - INFO - 正在关闭数据库连接...
2025-07-10 01:05:35,278 - database - INFO - Closed MongoDB connection
2025-07-10 01:05:35,278 - server - INFO - 数据库连接已关闭
2025-07-10 01:05:36,142 - server - INFO - API路由已注册，前缀: /api/v1
2025-07-10 01:05:36,187 - server - INFO - API路由已注册，前缀: /api/v1
2025-07-10 01:05:36,190 - server - INFO - 正在连接数据库...
2025-07-10 01:05:36,227 - database - INFO - Connected to MongoDB successfully
2025-07-10 01:05:36,229 - server - INFO - 数据库连接成功
<<<<<<< HEAD
2025-07-10 01:08:36,254 - server - INFO - 正在关闭数据库连接...
2025-07-10 01:08:36,255 - database - INFO - Closed MongoDB connection
2025-07-10 01:08:36,256 - server - INFO - 数据库连接已关闭
2025-07-10 01:08:37,598 - server - INFO - API路由已注册，前缀: /api/v1
2025-07-10 01:08:37,599 - server - INFO - 启动服务器: NewLoveLushUserService v1.0.0
2025-07-10 01:08:38,439 - server - INFO - API路由已注册，前缀: /api/v1
2025-07-10 01:08:38,476 - server - INFO - API路由已注册，前缀: /api/v1
2025-07-10 01:08:38,479 - server - INFO - 正在连接数据库...
2025-07-10 01:08:38,512 - database - INFO - Connected to MongoDB successfully
2025-07-10 01:08:38,513 - server - INFO - 数据库连接成功
2025-07-10 01:09:18,958 - user_service - INFO - 尝试创建新男性用户: test_connection
2025-07-10 01:09:18,983 - database - INFO - Inserted document with id: 686ea23e5a40b9fb55f8e865
2025-07-10 01:09:18,983 - user_service - INFO - 用户数据已插入 MongoDB，ID: 686ea23e5a40b9fb55f8e865
2025-07-10 01:09:24,394 - user_service - INFO - 尝试创建新男性用户: non_telegram_tester
2025-07-10 01:09:24,397 - database - INFO - Inserted document with id: 686ea2445a40b9fb55f8e866
2025-07-10 01:09:24,398 - user_service - INFO - 用户数据已插入 MongoDB，ID: 686ea2445a40b9fb55f8e866
2025-07-10 01:10:53,561 - user_service - INFO - 尝试创建新男性用户: test_connection
2025-07-10 01:10:53,564 - database - INFO - Inserted document with id: 686ea29d5a40b9fb55f8e867
2025-07-10 01:10:53,565 - user_service - INFO - 用户数据已插入 MongoDB，ID: 686ea29d5a40b9fb55f8e867
2025-07-10 01:14:32,591 - server - INFO - 正在关闭数据库连接...
2025-07-10 01:14:32,593 - database - INFO - Closed MongoDB connection
2025-07-10 01:14:32,593 - server - INFO - 数据库连接已关闭
2025-07-10 01:14:33,700 - server - INFO - API路由已注册，前缀: /api/v1
2025-07-10 01:14:33,739 - server - INFO - API路由已注册，前缀: /api/v1
2025-07-10 01:14:33,741 - server - INFO - 正在连接数据库...
2025-07-10 01:14:33,775 - database - INFO - Connected to MongoDB successfully
2025-07-10 01:14:33,776 - server - INFO - 数据库连接成功
2025-07-10 01:20:02,840 - server - INFO - API路由已注册，前缀: /api/v1
2025-07-10 01:20:02,909 - server - INFO - API路由已注册，前缀: /api/v1
2025-07-10 01:20:02,912 - server - INFO - 正在连接数据库...
2025-07-10 01:20:02,987 - database - INFO - Connected to MongoDB successfully
2025-07-10 01:20:02,990 - server - INFO - 数据库连接成功
=======
2025-07-10 01:17:25,274 - server - INFO - API路由已注册，前缀: /api/v1
2025-07-10 01:17:25,315 - server - INFO - API路由已注册，前缀: /api/v1
2025-07-10 01:17:25,318 - server - INFO - 正在连接数据库...
2025-07-10 01:17:25,350 - database - INFO - Connected to MongoDB successfully
2025-07-10 01:17:25,351 - server - INFO - 数据库连接成功
<<<<<<< HEAD
>>>>>>> 9dffdd4 (Check whether allow all head works)
2025-07-10 01:20:23,653 - server - INFO - API路由已注册，前缀: /api/v1
2025-07-10 01:20:23,693 - server - INFO - API路由已注册，前缀: /api/v1
2025-07-10 01:20:23,695 - server - INFO - 正在连接数据库...
2025-07-10 01:20:23,734 - database - INFO - Connected to MongoDB successfully
2025-07-10 01:20:23,736 - server - INFO - 数据库连接成功
=======
2025-07-10 01:18:24,762 - server - INFO - API路由已注册，前缀: /api/v1
2025-07-10 01:18:24,800 - server - INFO - API路由已注册，前缀: /api/v1
2025-07-10 01:18:24,802 - server - INFO - 正在连接数据库...
2025-07-10 01:18:24,835 - database - INFO - Connected to MongoDB successfully
2025-07-10 01:18:24,836 - server - INFO - 数据库连接成功
>>>>>>> 1824414 (* works, replace back and test again)
2025-07-10 01:25:16,187 - server - INFO - API路由已注册，前缀: /api/v1
2025-07-10 01:25:16,189 - server - INFO - 启动服务器: NewLoveLushUserService v1.0.0
2025-07-10 01:25:17,215 - server - INFO - API路由已注册，前缀: /api/v1
2025-07-10 01:25:17,250 - server - INFO - API路由已注册，前缀: /api/v1
2025-07-10 01:25:17,253 - server - INFO - 正在连接数据库...
2025-07-10 01:25:17,287 - database - INFO - Connected to MongoDB successfully
2025-07-10 01:25:17,287 - server - INFO - 数据库连接成功
2025-07-10 01:38:44,436 - user_service - INFO - 尝试创建新男性用户: non_telegram_tester
2025-07-10 01:38:44,437 - user_service - ERROR - telegram_id转换失败: invalid literal for int() with base 10: 'non_telegram_tester'
2025-07-10 01:43:59,340 - user_service - INFO - 尝试创建新男性用户: 9168168168
2025-07-10 01:43:59,381 - database - INFO - Inserted document with id: 686eaa5f075f87acd9b6c613
2025-07-10 01:43:59,382 - user_service - INFO - 用户数据已插入 MongoDB User集合，ID: 686eaa5f075f87acd9b6c613
2025-07-10 01:46:24,985 - server - INFO - 正在关闭数据库连接...
2025-07-10 01:46:24,989 - database - INFO - Closed MongoDB connection
2025-07-10 01:46:24,989 - server - INFO - 数据库连接已关闭
2025-07-10 01:46:25,914 - server - INFO - API路由已注册，前缀: /api/v1
2025-07-10 01:46:25,951 - server - INFO - API路由已注册，前缀: /api/v1
2025-07-10 01:46:25,953 - server - INFO - 正在连接数据库...
2025-07-10 01:46:25,988 - database - INFO - Connected to MongoDB successfully
2025-07-10 01:46:25,989 - server - INFO - 数据库连接成功
2025-07-10 01:46:43,344 - server - INFO - 正在关闭数据库连接...
2025-07-10 01:46:43,345 - database - INFO - Closed MongoDB connection
2025-07-10 01:46:43,345 - server - INFO - 数据库连接已关闭
2025-07-10 01:46:44,096 - server - INFO - CORS允许的域名: ['https://cupid-yukio-frontend.vercel.app', 'http://localhost:5173', 'http://127.0.0.1:5173']
2025-07-10 01:46:44,099 - server - INFO - API路由已注册，前缀: /api/v1
2025-07-10 01:46:44,134 - server - INFO - CORS允许的域名: ['https://cupid-yukio-frontend.vercel.app', 'http://localhost:5173', 'http://127.0.0.1:5173']
2025-07-10 01:46:44,137 - server - INFO - API路由已注册，前缀: /api/v1
2025-07-10 01:46:44,139 - server - INFO - 正在连接数据库...
2025-07-10 01:46:44,176 - database - INFO - Connected to MongoDB successfully
2025-07-10 01:46:44,177 - server - INFO - 数据库连接成功
2025-07-10 01:46:50,198 - server - INFO - 正在关闭数据库连接...
2025-07-10 01:46:50,198 - database - INFO - Closed MongoDB connection
2025-07-10 01:46:50,199 - server - INFO - 数据库连接已关闭
2025-07-10 01:46:50,941 - server - INFO - CORS允许的域名: ['https://cupid-yukio-frontend.vercel.app', 'https://lovetapoversea.xyz:4433', 'http://localhost:5173', 'http://127.0.0.1:5173']
2025-07-10 01:46:50,944 - server - INFO - API路由已注册，前缀: /api/v1
2025-07-10 01:46:50,980 - server - INFO - CORS允许的域名: ['https://cupid-yukio-frontend.vercel.app', 'https://lovetapoversea.xyz:4433', 'http://localhost:5173', 'http://127.0.0.1:5173']
2025-07-10 01:46:50,983 - server - INFO - API路由已注册，前缀: /api/v1
2025-07-10 01:46:50,985 - server - INFO - 正在连接数据库...
2025-07-10 01:46:51,025 - database - INFO - Connected to MongoDB successfully
2025-07-10 01:46:51,026 - server - INFO - 数据库连接成功
2025-07-10 01:46:55,444 - server - INFO - 正在关闭数据库连接...
2025-07-10 01:46:55,444 - database - INFO - Closed MongoDB connection
2025-07-10 01:46:55,445 - server - INFO - 数据库连接已关闭
2025-07-10 01:46:56,250 - server - INFO - API路由已注册，前缀: /api/v1
2025-07-10 01:46:56,321 - server - INFO - API路由已注册，前缀: /api/v1
2025-07-10 01:46:56,324 - server - INFO - 正在连接数据库...
2025-07-10 01:46:56,395 - database - INFO - Connected to MongoDB successfully
2025-07-10 01:46:56,396 - server - INFO - 数据库连接成功
2025-07-10 01:51:15,231 - server - INFO - 正在关闭数据库连接...
2025-07-10 01:51:15,232 - database - INFO - Closed MongoDB connection
2025-07-10 01:51:15,232 - server - INFO - 数据库连接已关闭
2025-07-10 01:51:16,404 - server - INFO - API路由已注册，前缀: /api/v1
2025-07-10 01:51:16,442 - server - INFO - API路由已注册，前缀: /api/v1
2025-07-10 01:51:16,444 - server - INFO - 正在连接数据库...
2025-07-10 01:51:16,478 - database - INFO - Connected to MongoDB successfully
2025-07-10 01:51:16,478 - server - INFO - 数据库连接成功
2025-07-10 01:51:25,658 - user_service - INFO - 尝试创建新男性用户: 9168168168
2025-07-10 01:51:25,683 - database - INFO - Inserted document with id: 686eac1d1b015cffe9ded721
2025-07-10 01:51:25,683 - user_service - INFO - 用户数据已插入 MongoDB User集合，ID: 686eac1d1b015cffe9ded721
2025-07-10 01:52:20,078 - user_service - INFO - 尝试创建新男性用户: test123
2025-07-10 01:52:20,078 - user_service - ERROR - telegram_id转换失败: invalid literal for int() with base 10: 'test123'
2025-07-10 01:53:19,459 - user_service - INFO - 尝试创建新男性用户: test123
2025-07-10 01:53:19,460 - user_service - ERROR - telegram_id转换失败: invalid literal for int() with base 10: 'test123'
2025-07-10 01:53:34,914 - server - INFO - 正在关闭数据库连接...
2025-07-10 01:53:34,918 - database - INFO - Closed MongoDB connection
2025-07-10 01:53:34,919 - server - INFO - 数据库连接已关闭
2025-07-10 01:53:35,669 - server - INFO - API路由已注册，前缀: /api/v1
2025-07-10 01:53:35,720 - server - INFO - API路由已注册，前缀: /api/v1
2025-07-10 01:53:35,722 - server - INFO - 正在连接数据库...
2025-07-10 01:53:35,786 - database - INFO - Connected to MongoDB successfully
2025-07-10 01:53:35,787 - server - INFO - 数据库连接成功
2025-07-10 01:53:37,964 - user_service - INFO - 尝试创建新男性用户: 9168168168
2025-07-10 01:53:37,989 - database - INFO - Inserted document with id: 686eaca17341639a886e9a79
2025-07-10 01:53:37,989 - user_service - INFO - 用户数据已插入 MongoDB User集合，ID: 686eaca17341639a886e9a79
2025-07-10 01:53:40,504 - user_service - INFO - 尝试创建新男性用户: 9168168168
2025-07-10 01:53:40,508 - database - INFO - Inserted document with id: 686eaca47341639a886e9a7a
2025-07-10 01:53:40,508 - user_service - INFO - 用户数据已插入 MongoDB User集合，ID: 686eaca47341639a886e9a7a
2025-07-10 01:56:05,064 - user_service - INFO - 尝试创建新男性用户: 9168168168
2025-07-10 01:56:05,067 - database - INFO - Inserted document with id: 686ead357341639a886e9a7b
2025-07-10 01:56:05,068 - user_service - INFO - 用户数据已插入 MongoDB User集合，ID: 686ead357341639a886e9a7b
2025-07-10 01:58:11,678 - server - INFO - 正在关闭数据库连接...
2025-07-10 01:58:11,680 - database - INFO - Closed MongoDB connection
2025-07-10 01:58:11,680 - server - INFO - 数据库连接已关闭
2025-07-10 01:58:12,540 - server - INFO - API路由已注册，前缀: /api/v1
2025-07-10 01:58:12,578 - server - INFO - API路由已注册，前缀: /api/v1
2025-07-10 01:58:12,581 - server - INFO - 正在连接数据库...
2025-07-10 01:58:12,614 - database - INFO - Connected to MongoDB successfully
2025-07-10 01:58:12,615 - server - INFO - 数据库连接成功
2025-07-10 02:00:06,258 - server - INFO - 正在关闭数据库连接...
2025-07-10 02:00:06,258 - database - INFO - Closed MongoDB connection
2025-07-10 02:00:06,260 - server - INFO - 数据库连接已关闭
2025-07-10 02:00:07,160 - server - INFO - API路由已注册，前缀: /api/v1
2025-07-10 02:00:07,232 - server - INFO - API路由已注册，前缀: /api/v1
2025-07-10 02:00:07,235 - server - INFO - 正在连接数据库...
2025-07-10 02:00:07,271 - database - INFO - Connected to MongoDB successfully
2025-07-10 02:00:07,272 - server - INFO - 数据库连接成功
2025-07-10 02:00:18,648 - server - INFO - 正在关闭数据库连接...
2025-07-10 02:00:18,648 - database - INFO - Closed MongoDB connection
2025-07-10 02:00:18,649 - server - INFO - 数据库连接已关闭
2025-07-10 02:00:19,865 - server - INFO - API路由已注册，前缀: /api/v1
2025-07-10 02:00:19,903 - server - INFO - API路由已注册，前缀: /api/v1
2025-07-10 02:00:19,905 - server - INFO - 正在连接数据库...
2025-07-10 02:00:19,940 - database - INFO - Connected to MongoDB successfully
2025-07-10 02:00:19,941 - server - INFO - 数据库连接成功
2025-07-10 02:00:28,469 - server - INFO - 正在关闭数据库连接...
2025-07-10 02:00:28,470 - database - INFO - Closed MongoDB connection
2025-07-10 02:00:28,470 - server - INFO - 数据库连接已关闭
2025-07-10 02:00:29,718 - server - INFO - API路由已注册，前缀: /api/v1
2025-07-10 02:00:29,719 - server - INFO - 启动服务器: NewLoveLushUserService v1.0.0
2025-07-10 02:00:30,594 - server - INFO - API路由已注册，前缀: /api/v1
2025-07-10 02:00:30,630 - server - INFO - API路由已注册，前缀: /api/v1
2025-07-10 02:00:30,633 - server - INFO - 正在连接数据库...
2025-07-10 02:00:30,668 - database - INFO - Connected to MongoDB successfully
2025-07-10 02:00:30,669 - server - INFO - 数据库连接成功
2025-07-10 02:00:39,703 - user_service - INFO - 尝试创建新男性用户: 9168168168
2025-07-10 02:00:39,728 - database - INFO - Inserted document with id: 686eae47ca4355006941b85e
2025-07-10 02:00:39,729 - user_service - INFO - 用户数据已插入 MongoDB User集合，ID: 686eae47ca4355006941b85e
2025-07-10 02:00:57,689 - user_service - INFO - 尝试创建新男性用户: 9168168168
2025-07-10 02:00:57,692 - database - INFO - Inserted document with id: 686eae59ca4355006941b85f
2025-07-10 02:00:57,692 - user_service - INFO - 用户数据已插入 MongoDB User集合，ID: 686eae59ca4355006941b85f
2025-07-10 02:03:33,599 - user_service - INFO - 尝试创建新男性用户: 9168168168
2025-07-10 02:03:33,604 - database - INFO - Inserted document with id: 686eaef5ca4355006941b860
2025-07-10 02:03:33,605 - user_service - INFO - 用户数据已插入 MongoDB User集合，ID: 686eaef5ca4355006941b860
2025-07-10 02:03:50,686 - server - INFO - 正在关闭数据库连接...
2025-07-10 02:03:50,688 - database - INFO - Closed MongoDB connection
2025-07-10 02:03:50,689 - server - INFO - 数据库连接已关闭
2025-07-10 02:04:01,826 - server - INFO - API路由已注册，前缀: /api/v1
2025-07-10 02:04:01,827 - server - INFO - 启动服务器: NewLoveLushUserService v1.0.0
2025-07-10 02:04:02,626 - server - INFO - API路由已注册，前缀: /api/v1
2025-07-10 02:04:02,681 - server - INFO - API路由已注册，前缀: /api/v1
2025-07-10 02:04:02,683 - server - INFO - 正在连接数据库...
2025-07-10 02:04:02,718 - database - INFO - Connected to MongoDB successfully
2025-07-10 02:04:02,718 - server - INFO - 数据库连接成功
2025-07-10 02:04:12,242 - user_service - INFO - 尝试创建新男性用户: 9168168168
2025-07-10 02:04:12,271 - database - INFO - Inserted document with id: 686eaf1cb8487b589fa6316a
2025-07-10 02:04:12,272 - user_service - INFO - 用户数据已插入 MongoDB User集合，ID: 686eaf1cb8487b589fa6316a
2025-07-10 02:05:42,345 - server - INFO - 正在关闭数据库连接...
2025-07-10 02:05:42,348 - database - INFO - Closed MongoDB connection
2025-07-10 02:05:42,348 - server - INFO - 数据库连接已关闭
2025-07-10 02:05:43,137 - server - INFO - API路由已注册，前缀: /api/v1
2025-07-10 02:05:43,177 - server - INFO - API路由已注册，前缀: /api/v1
2025-07-10 02:05:43,180 - server - INFO - 正在连接数据库...
2025-07-10 02:05:43,213 - database - INFO - Connected to MongoDB successfully
2025-07-10 02:05:43,214 - server - INFO - 数据库连接成功
2025-07-10 02:06:14,727 - user_service - INFO - 尝试创建新男性用户: 9168168168
2025-07-10 02:06:14,780 - database - INFO - Inserted document with id: 686eaf96bd973c7af08437c4
2025-07-10 02:06:14,781 - user_service - INFO - 用户数据已插入 MongoDB User集合，ID: 686eaf96bd973c7af08437c4
2025-07-10 02:06:43,116 - server - INFO - 正在关闭数据库连接...
2025-07-10 02:06:43,118 - database - INFO - Closed MongoDB connection
2025-07-10 02:06:43,118 - server - INFO - 数据库连接已关闭
2025-07-10 02:06:44,272 - server - INFO - API路由已注册，前缀: /api/v1
2025-07-10 02:06:44,273 - server - INFO - 启动服务器: NewLoveLushUserService v1.0.0
2025-07-10 02:06:45,110 - server - INFO - API路由已注册，前缀: /api/v1
2025-07-10 02:06:45,151 - server - INFO - API路由已注册，前缀: /api/v1
2025-07-10 02:06:45,153 - server - INFO - 正在连接数据库...
2025-07-10 02:06:45,190 - database - INFO - Connected to MongoDB successfully
2025-07-10 02:06:45,191 - server - INFO - 数据库连接成功
2025-07-10 02:07:00,024 - user_service - INFO - 尝试创建新男性用户: 9168168168
2025-07-10 02:07:00,050 - database - INFO - Inserted document with id: 686eafc47d6e2abd8b0e9974
2025-07-10 02:07:00,050 - user_service - INFO - 用户数据已插入 MongoDB User集合，ID: 686eafc47d6e2abd8b0e9974
2025-07-10 02:08:02,933 - server - INFO - 正在关闭数据库连接...
2025-07-10 02:08:02,935 - database - INFO - Closed MongoDB connection
2025-07-10 02:08:02,936 - server - INFO - 数据库连接已关闭
2025-07-10 02:08:14,047 - server - INFO - API路由已注册，前缀: /api/v1
2025-07-10 02:08:14,048 - server - INFO - 启动服务器: NewLoveLushUserService v1.0.0
2025-07-10 02:08:14,119 - server - INFO - API路由已注册，前缀: /api/v1
2025-07-10 02:08:14,121 - server - INFO - 正在连接数据库...
2025-07-10 02:08:14,157 - database - INFO - Connected to MongoDB successfully
2025-07-10 02:08:14,158 - server - INFO - 数据库连接成功
2025-07-10 02:09:33,801 - user_service - INFO - 尝试创建新男性用户: 9168168168
2025-07-10 02:09:33,829 - database - INFO - Inserted document with id: 686eb05de5cbaa6da224485a
2025-07-10 02:09:33,829 - user_service - INFO - 用户数据已插入 MongoDB User集合，ID: 686eb05de5cbaa6da224485a
2025-07-10 02:09:41,687 - user_service - INFO - 尝试创建新男性用户: 9168168168
2025-07-10 02:09:41,693 - database - INFO - Inserted document with id: 686eb065e5cbaa6da224485b
2025-07-10 02:09:41,695 - user_service - INFO - 用户数据已插入 MongoDB User集合，ID: 686eb065e5cbaa6da224485b
2025-07-10 02:10:37,061 - user_service - INFO - 尝试创建新男性用户: 9168168168
2025-07-10 02:10:37,066 - database - INFO - Inserted document with id: 686eb09de5cbaa6da224485c
2025-07-10 02:10:37,066 - user_service - INFO - 用户数据已插入 MongoDB User集合，ID: 686eb09de5cbaa6da224485c
2025-07-10 15:30:43,442 - server - INFO - CORS允许的域名: ['https://cupid-yukio-frontend.vercel.app', 'http://localhost:5173', 'http://127.0.0.1:5173']
2025-07-10 15:30:43,482 - server - INFO - API路由已注册，前缀: /api/v1
2025-07-10 15:30:43,483 - server - INFO - 启动服务器: NewLoveLushUserService v1.0.0
2025-07-10 15:30:43,526 - server - INFO - CORS允许的域名: ['https://cupid-yukio-frontend.vercel.app', 'http://localhost:5173', 'http://127.0.0.1:5173']
2025-07-10 15:30:43,531 - server - INFO - API路由已注册，前缀: /api/v1
2025-07-10 15:30:43,533 - server - INFO - 正在连接数据库...
2025-07-10 15:30:43,573 - database - INFO - Connected to MongoDB successfully
2025-07-10 15:30:43,574 - server - INFO - 数据库连接成功
2025-07-10 15:30:52,880 - user_service - INFO - 尝试创建新男性用户: 9168168168
2025-07-10 15:30:52,909 - database - INFO - Inserted document with id: 686f6c2c9564f7ee6c679483
2025-07-10 15:30:52,909 - user_service - INFO - 用户数据已插入 MongoDB User集合，ID: 686f6c2c9564f7ee6c679483
2025-07-11 16:01:39,204 - server - INFO - CORS允许的域名: ['https://cupid-yukio-frontend.vercel.app', 'https://cupid-yukio-frontend-test.vercel.app', 'http://localhost:5173', 'http://127.0.0.1:5173']
2025-07-11 16:01:39,207 - server - INFO - API路由已注册，前缀: /api/v1
2025-07-11 16:01:39,208 - server - INFO - 启动服务器: NewLoveLushUserService v1.0.0
2025-07-11 16:01:39,237 - server - INFO - CORS允许的域名: ['https://cupid-yukio-frontend.vercel.app', 'https://cupid-yukio-frontend-test.vercel.app', 'http://localhost:5173', 'http://127.0.0.1:5173']
2025-07-11 16:01:39,241 - server - INFO - API路由已注册，前缀: /api/v1
2025-07-11 16:01:39,241 - server - INFO - 正在连接数据库...
2025-07-11 16:01:40,454 - database - INFO - Connected to MongoDB successfully
2025-07-11 16:01:40,455 - server - INFO - 数据库连接成功
2025-07-11 16:03:56,768 - server - INFO - 正在关闭数据库连接...
2025-07-11 16:03:56,779 - database - INFO - Closed MongoDB connection
2025-07-11 16:03:56,779 - server - INFO - 数据库连接已关闭
2025-07-11 16:03:58,222 - server - INFO - CORS允许的域名: ['https://cupid-yukio-frontend.vercel.app', 'https://cupid-yukio-frontend-test.vercel.app', 'http://localhost:5173', 'http://127.0.0.1:5173']
2025-07-11 16:03:58,226 - server - INFO - API路由已注册，前缀: /api/v1
2025-07-11 16:03:58,226 - server - INFO - 启动服务器: NewLoveLushUserService v1.0.0
2025-07-11 16:03:58,250 - server - INFO - CORS允许的域名: ['https://cupid-yukio-frontend.vercel.app', 'https://cupid-yukio-frontend-test.vercel.app', 'http://localhost:5173', 'http://127.0.0.1:5173']
2025-07-11 16:03:58,254 - server - INFO - API路由已注册，前缀: /api/v1
2025-07-11 16:03:58,254 - server - INFO - 正在连接数据库...
2025-07-11 16:03:59,306 - database - INFO - Connected to MongoDB successfully
2025-07-11 16:03:59,307 - server - INFO - 数据库连接成功
2025-07-11 16:14:31,079 - server - INFO - 正在关闭数据库连接...
2025-07-11 16:14:31,093 - database - INFO - Closed MongoDB connection
2025-07-11 16:14:31,094 - server - INFO - 数据库连接已关闭
2025-07-12 11:01:10,789 - server - INFO - CORS允许的域名: ['https://cupid-yukio-frontend.vercel.app', 'https://cupid-yukio-frontend-test.vercel.app', 'http://localhost:5173', 'http://127.0.0.1:5173']
2025-07-12 11:01:10,794 - server - INFO - API路由已注册，前缀: /api/v1
2025-07-12 11:01:10,795 - server - INFO - 正在连接数据库...
2025-07-12 11:01:12,006 - database - INFO - Connected to MongoDB successfully
2025-07-12 11:01:12,006 - server - INFO - 数据库连接成功
2025-07-12 11:02:26,523 - database - INFO - Inserted document with id: 6871d041c94ec9fc95dd99a7
2025-07-12 11:04:01,630 - database - INFO - Inserted document with id: 6871d0a1c94ec9fc95dd99a8
2025-07-12 12:27:37,201 - server - INFO - CORS允许的域名: ['https://cupid-yukio-frontend.vercel.app', 'https://cupid-yukio-frontend-test.vercel.app', 'http://localhost:5173', 'http://127.0.0.1:5173']
2025-07-12 12:27:37,205 - server - INFO - API路由已注册，前缀: /api/v1
2025-07-12 12:27:37,206 - server - INFO - 正在连接数据库...
2025-07-12 12:27:39,113 - database - INFO - Connected to MongoDB successfully
2025-07-12 12:27:39,113 - server - INFO - 数据库连接成功
2025-07-12 12:34:56,174 - database - INFO - Modified 1 document
2025-07-12 12:35:31,630 - database - INFO - Modified 1 document
2025-07-12 12:36:06,365 - database - INFO - Modified 1 document
2025-07-12 12:59:05,896 - server - INFO - 正在关闭数据库连接...
2025-07-12 12:59:06,652 - database - INFO - Closed MongoDB connection
2025-07-12 12:59:06,652 - server - INFO - 数据库连接已关闭
2025-07-12 12:59:07,141 - server - INFO - CORS允许的域名: ['https://cupid-yukio-frontend.vercel.app', 'https://cupid-yukio-frontend-test.vercel.app', 'http://localhost:5173', 'http://127.0.0.1:5173']
2025-07-12 12:59:07,145 - server - INFO - API路由已注册，前缀: /api/v1
2025-07-12 12:59:07,146 - server - INFO - 正在连接数据库...
2025-07-12 12:59:08,074 - database - INFO - Connected to MongoDB successfully
2025-07-12 12:59:08,074 - server - INFO - 数据库连接成功
2025-07-12 12:59:31,131 - server - INFO - 正在关闭数据库连接...
2025-07-12 12:59:31,132 - database - INFO - Closed MongoDB connection
2025-07-12 12:59:31,132 - server - INFO - 数据库连接已关闭
2025-07-12 12:59:31,525 - server - INFO - CORS允许的域名: ['https://cupid-yukio-frontend.vercel.app', 'https://cupid-yukio-frontend-test.vercel.app', 'http://localhost:5173', 'http://127.0.0.1:5173']
2025-07-12 12:59:31,529 - server - INFO - API路由已注册，前缀: /api/v1
2025-07-12 12:59:31,530 - server - INFO - 正在连接数据库...
2025-07-12 12:59:32,630 - database - INFO - Connected to MongoDB successfully
2025-07-12 12:59:32,630 - server - INFO - 数据库连接成功
2025-07-12 13:01:55,526 - server - INFO - 正在关闭数据库连接...
2025-07-12 13:01:55,529 - database - INFO - Closed MongoDB connection
2025-07-12 13:01:55,529 - server - INFO - 数据库连接已关闭
2025-07-12 13:01:56,001 - server - INFO - CORS允许的域名: ['https://cupid-yukio-frontend.vercel.app', 'https://cupid-yukio-frontend-test.vercel.app', 'http://localhost:5173', 'http://127.0.0.1:5173']
2025-07-12 13:01:56,005 - server - INFO - API路由已注册，前缀: /api/v1
2025-07-12 13:01:56,005 - server - INFO - 正在连接数据库...
2025-07-12 13:01:56,885 - database - INFO - Connected to MongoDB successfully
2025-07-12 13:01:56,886 - server - INFO - 数据库连接成功
2025-07-12 13:02:02,554 - server - INFO - 正在关闭数据库连接...
2025-07-12 13:02:02,555 - database - INFO - Closed MongoDB connection
2025-07-12 13:02:02,555 - server - INFO - 数据库连接已关闭
2025-07-12 13:02:02,950 - server - INFO - CORS允许的域名: ['https://cupid-yukio-frontend.vercel.app', 'https://cupid-yukio-frontend-test.vercel.app', 'http://localhost:5173', 'http://127.0.0.1:5173']
2025-07-12 13:02:02,953 - server - INFO - API路由已注册，前缀: /api/v1
2025-07-12 13:02:02,954 - server - INFO - 正在连接数据库...
2025-07-12 13:02:03,841 - database - INFO - Connected to MongoDB successfully
2025-07-12 13:02:03,841 - server - INFO - 数据库连接成功
2025-07-12 14:17:50,653 - server - INFO - 正在关闭数据库连接...
2025-07-12 14:17:51,221 - database - INFO - Closed MongoDB connection
2025-07-12 14:17:51,222 - server - INFO - 数据库连接已关闭
2025-07-12 14:17:51,752 - server - INFO - CORS允许的域名: ['https://cupid-yukio-frontend.vercel.app', 'https://cupid-yukio-frontend-test.vercel.app', 'http://localhost:5173', 'http://127.0.0.1:5173']
2025-07-12 14:17:51,756 - server - INFO - API路由已注册，前缀: /api/v1
2025-07-12 14:17:51,756 - server - INFO - 正在连接数据库...
2025-07-12 14:17:53,057 - database - INFO - Connected to MongoDB successfully
2025-07-12 14:17:53,057 - server - INFO - 数据库连接成功
2025-07-12 14:18:57,133 - server - INFO - 正在关闭数据库连接...
2025-07-12 14:18:57,135 - database - INFO - Closed MongoDB connection
2025-07-12 14:18:57,135 - server - INFO - 数据库连接已关闭
2025-07-12 14:18:57,601 - server - INFO - CORS允许的域名: ['https://cupid-yukio-frontend.vercel.app', 'https://cupid-yukio-frontend-test.vercel.app', 'http://localhost:5173', 'http://127.0.0.1:5173']
2025-07-12 14:18:57,604 - server - INFO - API路由已注册，前缀: /api/v1
2025-07-12 14:18:57,605 - server - INFO - 正在连接数据库...
2025-07-12 14:18:58,496 - database - INFO - Connected to MongoDB successfully
2025-07-12 14:18:58,497 - server - INFO - 数据库连接成功
2025-07-12 14:30:08,938 - server - INFO - 正在关闭数据库连接...
2025-07-12 14:30:08,939 - database - INFO - Closed MongoDB connection
2025-07-12 14:30:08,940 - server - INFO - 数据库连接已关闭
2025-07-12 14:30:09,410 - server - INFO - CORS允许的域名: ['https://cupid-yukio-frontend.vercel.app', 'https://cupid-yukio-frontend-test.vercel.app', 'http://localhost:5173', 'http://127.0.0.1:5173']
2025-07-12 14:30:09,414 - server - INFO - API路由已注册，前缀: /api/v1
2025-07-12 14:30:09,415 - server - INFO - 正在连接数据库...
2025-07-12 14:30:10,306 - database - INFO - Connected to MongoDB successfully
2025-07-12 14:30:10,306 - server - INFO - 数据库连接成功
2025-07-12 14:36:18,530 - server - INFO - 正在关闭数据库连接...
2025-07-12 14:36:18,532 - database - INFO - Closed MongoDB connection
2025-07-12 14:36:18,532 - server - INFO - 数据库连接已关闭
2025-07-12 14:36:19,109 - server - INFO - CORS允许的域名: ['https://cupid-yukio-frontend.vercel.app', 'https://cupid-yukio-frontend-test.vercel.app', 'http://localhost:5173', 'http://127.0.0.1:5173']
2025-07-12 14:36:19,113 - server - INFO - API路由已注册，前缀: /api/v1
2025-07-12 14:36:19,113 - server - INFO - 正在连接数据库...
2025-07-12 14:36:20,417 - database - INFO - Connected to MongoDB successfully
2025-07-12 14:36:20,418 - server - INFO - 数据库连接成功
2025-07-12 16:37:28,874 - server - INFO - 正在关闭数据库连接...
2025-07-12 16:37:28,876 - database - INFO - Closed MongoDB connection
2025-07-12 16:37:28,876 - server - INFO - 数据库连接已关闭
2025-07-12 16:37:29,389 - server - INFO - CORS允许的域名: ['https://cupid-yukio-frontend.vercel.app', 'https://cupid-yukio-frontend-test.vercel.app', 'http://localhost:5173', 'http://127.0.0.1:5173']
2025-07-12 16:37:29,393 - server - INFO - API路由已注册，前缀: /api/v1
2025-07-12 16:37:29,394 - server - INFO - 正在连接数据库...
2025-07-12 16:37:30,708 - database - INFO - Connected to MongoDB successfully
2025-07-12 16:37:30,708 - server - INFO - 数据库连接成功
2025-07-12 16:37:31,005 - server - INFO - CORS允许的域名: ['https://cupid-yukio-frontend.vercel.app', 'https://cupid-yukio-frontend-test.vercel.app', 'http://localhost:5173', 'http://127.0.0.1:5173']
2025-07-12 16:37:31,010 - server - INFO - API路由已注册，前缀: /api/v1
2025-07-12 16:37:31,010 - server - INFO - 正在连接数据库...
2025-07-12 16:37:31,894 - database - INFO - Connected to MongoDB successfully
2025-07-12 16:37:31,895 - server - INFO - 数据库连接成功
2025-07-12 16:37:32,181 - server - INFO - CORS允许的域名: ['https://cupid-yukio-frontend.vercel.app', 'https://cupid-yukio-frontend-test.vercel.app', 'http://localhost:5173', 'http://127.0.0.1:5173']
2025-07-12 16:37:32,184 - server - INFO - API路由已注册，前缀: /api/v1
2025-07-12 16:37:32,185 - server - INFO - 正在连接数据库...
2025-07-12 16:37:33,101 - database - INFO - Connected to MongoDB successfully
2025-07-12 16:37:33,102 - server - INFO - 数据库连接成功
2025-07-12 16:37:54,229 - server - INFO - 正在关闭数据库连接...
2025-07-12 16:37:54,230 - database - INFO - Closed MongoDB connection
2025-07-12 16:37:54,230 - server - INFO - 数据库连接已关闭
2025-07-12 16:37:54,616 - server - INFO - CORS允许的域名: ['https://cupid-yukio-frontend.vercel.app', 'https://cupid-yukio-frontend-test.vercel.app', 'http://localhost:5173', 'http://127.0.0.1:5173']
2025-07-12 16:37:54,619 - server - INFO - API路由已注册，前缀: /api/v1
2025-07-12 16:37:54,620 - server - INFO - 正在连接数据库...
2025-07-12 16:37:55,796 - database - INFO - Connected to MongoDB successfully
2025-07-12 16:37:55,796 - server - INFO - 数据库连接成功
2025-07-12 16:38:44,717 - server - INFO - 正在关闭数据库连接...
2025-07-12 16:38:44,719 - database - INFO - Closed MongoDB connection
2025-07-12 16:38:44,719 - server - INFO - 数据库连接已关闭
2025-07-12 16:38:45,161 - server - INFO - CORS允许的域名: ['https://cupid-yukio-frontend.vercel.app', 'https://cupid-yukio-frontend-test.vercel.app', 'http://localhost:5173', 'http://127.0.0.1:5173']
2025-07-12 16:38:45,164 - server - INFO - API路由已注册，前缀: /api/v1
2025-07-12 16:38:45,165 - server - INFO - 正在连接数据库...
2025-07-12 16:38:46,100 - database - INFO - Connected to MongoDB successfully
2025-07-12 16:38:46,100 - server - INFO - 数据库连接成功
2025-07-12 16:40:53,468 - server - INFO - 正在关闭数据库连接...
2025-07-12 16:40:53,471 - database - INFO - Closed MongoDB connection
2025-07-12 16:40:53,472 - server - INFO - 数据库连接已关闭
2025-07-12 16:40:53,901 - server - INFO - CORS允许的域名: ['https://cupid-yukio-frontend.vercel.app', 'https://cupid-yukio-frontend-test.vercel.app', 'http://localhost:5173', 'http://127.0.0.1:5173']
2025-07-12 16:40:53,905 - server - INFO - API路由已注册，前缀: /api/v1
2025-07-12 16:40:53,905 - server - INFO - 正在连接数据库...
2025-07-12 16:40:54,822 - database - INFO - Connected to MongoDB successfully
2025-07-12 16:40:54,823 - server - INFO - 数据库连接成功
2025-07-12 16:41:14,128 - server - INFO - 正在关闭数据库连接...
2025-07-12 16:41:14,129 - database - INFO - Closed MongoDB connection
2025-07-12 16:41:14,130 - server - INFO - 数据库连接已关闭
2025-07-12 16:41:14,525 - server - INFO - CORS允许的域名: ['https://cupid-yukio-frontend.vercel.app', 'https://cupid-yukio-frontend-test.vercel.app', 'http://localhost:5173', 'http://127.0.0.1:5173']
2025-07-12 16:41:14,529 - server - INFO - API路由已注册，前缀: /api/v1
2025-07-12 16:41:14,529 - server - INFO - 正在连接数据库...
2025-07-12 16:41:15,459 - database - INFO - Connected to MongoDB successfully
2025-07-12 16:41:15,459 - server - INFO - 数据库连接成功
2025-07-12 17:32:12,445 - server - INFO - 正在关闭数据库连接...
2025-07-12 17:32:12,938 - database - INFO - Closed MongoDB connection
2025-07-12 17:32:12,939 - server - INFO - 数据库连接已关闭
2025-07-12 17:32:13,455 - server - INFO - CORS允许的域名: ['https://cupid-yukio-frontend.vercel.app', 'https://cupid-yukio-frontend-test.vercel.app', 'http://localhost:5173', 'http://127.0.0.1:5173']
2025-07-12 17:32:13,459 - server - INFO - API路由已注册，前缀: /api/v1
2025-07-12 17:32:13,459 - server - INFO - 正在连接数据库...
2025-07-12 17:32:14,427 - database - INFO - Connected to MongoDB successfully
2025-07-12 17:32:14,428 - server - INFO - 数据库连接成功
2025-07-12 17:32:22,750 - server - INFO - 正在关闭数据库连接...
2025-07-12 17:32:22,758 - database - INFO - Closed MongoDB connection
2025-07-12 17:32:22,758 - server - INFO - 数据库连接已关闭
2025-07-12 17:32:23,133 - server - INFO - CORS允许的域名: ['https://cupid-yukio-frontend.vercel.app', 'https://cupid-yukio-frontend-test.vercel.app', 'http://localhost:5173', 'http://127.0.0.1:5173']
2025-07-12 17:32:23,137 - server - INFO - API路由已注册，前缀: /api/v1
2025-07-12 17:32:23,137 - server - INFO - 正在连接数据库...
2025-07-12 17:32:24,448 - database - INFO - Connected to MongoDB successfully
2025-07-12 17:32:24,448 - server - INFO - 数据库连接成功
2025-07-12 19:30:29,638 - server - INFO - 正在关闭数据库连接...
2025-07-12 19:30:29,749 - database - INFO - Closed MongoDB connection
2025-07-12 19:30:29,749 - server - INFO - 数据库连接已关闭
2025-07-12 19:30:30,253 - server - INFO - CORS允许的域名: ['https://cupid-yukio-frontend.vercel.app', 'https://cupid-yukio-frontend-test.vercel.app', 'http://localhost:5173', 'http://127.0.0.1:5173']
2025-07-12 19:30:30,257 - server - INFO - API路由已注册，前缀: /api/v1
2025-07-12 19:30:30,258 - server - INFO - 正在连接数据库...
2025-07-12 19:30:31,235 - database - INFO - Connected to MongoDB successfully
2025-07-12 19:30:31,236 - server - INFO - 数据库连接成功
2025-07-12 19:30:34,976 - server - INFO - 正在关闭数据库连接...
2025-07-12 19:30:34,977 - database - INFO - Closed MongoDB connection
2025-07-12 19:30:34,977 - server - INFO - 数据库连接已关闭
2025-07-12 19:30:35,347 - server - INFO - CORS允许的域名: ['https://cupid-yukio-frontend.vercel.app', 'https://cupid-yukio-frontend-test.vercel.app', 'http://localhost:5173', 'http://127.0.0.1:5173']
2025-07-12 19:30:35,351 - server - INFO - API路由已注册，前缀: /api/v1
2025-07-12 19:30:35,352 - server - INFO - 正在连接数据库...
2025-07-12 19:30:36,367 - database - INFO - Connected to MongoDB successfully
2025-07-12 19:30:36,367 - server - INFO - 数据库连接成功
2025-07-12 19:32:05,870 - server - INFO - 正在关闭数据库连接...
2025-07-12 19:32:05,974 - database - INFO - Closed MongoDB connection
2025-07-12 19:32:05,975 - server - INFO - 数据库连接已关闭
2025-07-12 19:32:06,405 - server - INFO - CORS允许的域名: ['https://cupid-yukio-frontend.vercel.app', 'https://cupid-yukio-frontend-test.vercel.app', 'http://localhost:5173', 'http://127.0.0.1:5173']
2025-07-12 19:32:06,409 - server - INFO - API路由已注册，前缀: /api/v1
2025-07-12 19:32:06,409 - server - INFO - 正在连接数据库...
2025-07-12 19:32:07,345 - database - INFO - Connected to MongoDB successfully
2025-07-12 19:32:07,345 - server - INFO - 数据库连接成功
2025-07-12 19:39:10,007 - server - INFO - 正在关闭数据库连接...
2025-07-12 19:39:10,008 - database - INFO - Closed MongoDB connection
2025-07-12 19:39:10,008 - server - INFO - 数据库连接已关闭
2025-07-12 19:39:10,436 - server - INFO - CORS允许的域名: ['https://cupid-yukio-frontend.vercel.app', 'https://cupid-yukio-frontend-test.vercel.app', 'http://localhost:5173', 'http://127.0.0.1:5173']
2025-07-12 19:39:10,439 - server - INFO - API路由已注册，前缀: /api/v1
2025-07-12 19:39:10,440 - server - INFO - 正在连接数据库...
2025-07-12 19:39:11,886 - database - INFO - Connected to MongoDB successfully
2025-07-12 19:39:11,886 - server - INFO - 数据库连接成功
2025-07-12 19:39:14,008 - server - INFO - 正在关闭数据库连接...
2025-07-12 19:39:14,008 - database - INFO - Closed MongoDB connection
2025-07-12 19:39:14,008 - server - INFO - 数据库连接已关闭
2025-07-12 19:39:14,305 - server - INFO - CORS允许的域名: ['https://cupid-yukio-frontend.vercel.app', 'https://cupid-yukio-frontend-test.vercel.app', 'http://localhost:5173', 'http://127.0.0.1:5173']
2025-07-12 19:39:14,309 - server - INFO - API路由已注册，前缀: /api/v1
2025-07-12 19:39:14,309 - server - INFO - 正在连接数据库...
2025-07-12 19:39:15,195 - database - INFO - Connected to MongoDB successfully
2025-07-12 19:39:15,195 - server - INFO - 数据库连接成功
2025-07-12 19:39:40,189 - server - INFO - 正在关闭数据库连接...
2025-07-12 19:39:40,191 - database - INFO - Closed MongoDB connection
2025-07-12 19:39:40,191 - server - INFO - 数据库连接已关闭
2025-07-12 19:39:44,071 - server - INFO - CORS允许的域名: ['https://cupid-yukio-frontend.vercel.app', 'https://cupid-yukio-frontend-test.vercel.app', 'http://localhost:5173', 'http://127.0.0.1:5173']
2025-07-12 19:39:44,075 - server - INFO - API路由已注册，前缀: /api/v1
2025-07-12 19:39:44,075 - server - INFO - 正在连接数据库...
2025-07-12 19:39:44,972 - database - INFO - Connected to MongoDB successfully
2025-07-12 19:39:44,973 - server - INFO - 数据库连接成功
2025-07-12 19:41:06,746 - server - INFO - 正在关闭数据库连接...
2025-07-12 19:41:06,747 - database - INFO - Closed MongoDB connection
2025-07-12 19:41:06,747 - server - INFO - 数据库连接已关闭
2025-07-12 19:41:07,223 - server - INFO - CORS允许的域名: ['https://cupid-yukio-frontend.vercel.app', 'https://cupid-yukio-frontend-test.vercel.app', 'http://localhost:5173', 'http://127.0.0.1:5173']
2025-07-12 19:41:07,226 - server - INFO - API路由已注册，前缀: /api/v1
2025-07-12 19:41:07,227 - server - INFO - 正在连接数据库...
2025-07-12 19:41:08,104 - database - INFO - Connected to MongoDB successfully
2025-07-12 19:41:08,104 - server - INFO - 数据库连接成功
2025-07-12 19:41:30,252 - server - INFO - 正在关闭数据库连接...
2025-07-12 19:41:30,253 - database - INFO - Closed MongoDB connection
2025-07-12 19:41:30,253 - server - INFO - 数据库连接已关闭
2025-07-12 19:41:30,649 - server - INFO - CORS允许的域名: ['https://cupid-yukio-frontend.vercel.app', 'https://cupid-yukio-frontend-test.vercel.app', 'http://localhost:5173', 'http://127.0.0.1:5173']
2025-07-12 19:41:30,653 - server - INFO - API路由已注册，前缀: /api/v1
2025-07-12 19:41:30,653 - server - INFO - 正在连接数据库...
2025-07-12 19:41:31,564 - database - INFO - Connected to MongoDB successfully
2025-07-12 19:41:31,564 - server - INFO - 数据库连接成功
2025-07-12 19:54:26,785 - server - INFO - 正在关闭数据库连接...
2025-07-12 19:54:27,510 - database - INFO - Closed MongoDB connection
2025-07-12 19:54:27,511 - server - INFO - 数据库连接已关闭
2025-07-12 19:54:27,994 - server - INFO - CORS允许的域名: ['https://cupid-yukio-frontend.vercel.app', 'https://cupid-yukio-frontend-test.vercel.app', 'http://localhost:5173', 'http://127.0.0.1:5173']
2025-07-12 19:54:27,998 - server - INFO - API路由已注册，前缀: /api/v1
2025-07-12 19:54:27,999 - server - INFO - 正在连接数据库...
2025-07-12 19:54:29,393 - database - INFO - Connected to MongoDB successfully
2025-07-12 19:54:29,393 - server - INFO - 数据库连接成功
2025-07-12 19:54:35,662 - server - INFO - 正在关闭数据库连接...
2025-07-12 19:54:35,663 - database - INFO - Closed MongoDB connection
2025-07-12 19:54:35,663 - server - INFO - 数据库连接已关闭
2025-07-12 19:54:35,964 - server - INFO - CORS允许的域名: ['https://cupid-yukio-frontend.vercel.app', 'https://cupid-yukio-frontend-test.vercel.app', 'http://localhost:5173', 'http://127.0.0.1:5173']
2025-07-12 19:54:35,968 - server - INFO - API路由已注册，前缀: /api/v1
2025-07-12 19:54:35,969 - server - INFO - 正在连接数据库...
2025-07-12 19:54:36,967 - database - INFO - Connected to MongoDB successfully
2025-07-12 19:54:36,967 - server - INFO - 数据库连接成功
2025-07-12 19:57:32,094 - server - INFO - 正在关闭数据库连接...
2025-07-12 19:57:32,197 - database - INFO - Closed MongoDB connection
2025-07-12 19:57:32,197 - server - INFO - 数据库连接已关闭
2025-07-12 19:57:32,688 - server - INFO - CORS允许的域名: ['https://cupid-yukio-frontend.vercel.app', 'https://cupid-yukio-frontend-test.vercel.app', 'http://localhost:5173', 'http://127.0.0.1:5173']
2025-07-12 19:57:32,692 - server - INFO - API路由已注册，前缀: /api/v1
2025-07-12 19:57:32,692 - server - INFO - 正在连接数据库...
2025-07-12 19:57:33,624 - database - INFO - Connected to MongoDB successfully
2025-07-12 19:57:33,624 - server - INFO - 数据库连接成功
2025-07-12 19:57:45,453 - server - INFO - 正在关闭数据库连接...
2025-07-12 19:57:45,454 - database - INFO - Closed MongoDB connection
2025-07-12 19:57:45,454 - server - INFO - 数据库连接已关闭
2025-07-12 19:57:45,843 - server - INFO - CORS允许的域名: ['https://cupid-yukio-frontend.vercel.app', 'https://cupid-yukio-frontend-test.vercel.app', 'http://localhost:5173', 'http://127.0.0.1:5173']
2025-07-12 19:57:45,846 - server - INFO - API路由已注册，前缀: /api/v1
2025-07-12 19:57:45,847 - server - INFO - 正在连接数据库...
2025-07-12 19:57:46,760 - database - INFO - Connected to MongoDB successfully
2025-07-12 19:57:46,760 - server - INFO - 数据库连接成功
2025-07-12 20:02:41,728 - server - INFO - 正在关闭数据库连接...
2025-07-12 20:02:41,826 - database - INFO - Closed MongoDB connection
2025-07-12 20:02:41,826 - server - INFO - 数据库连接已关闭
2025-07-12 20:02:42,385 - server - INFO - CORS允许的域名: ['https://cupid-yukio-frontend.vercel.app', 'https://cupid-yukio-frontend-test.vercel.app', 'http://localhost:5173', 'http://127.0.0.1:5173']
2025-07-12 20:02:42,389 - server - INFO - API路由已注册，前缀: /api/v1
2025-07-12 20:02:42,390 - server - INFO - 正在连接数据库...
2025-07-12 20:02:43,323 - database - INFO - Connected to MongoDB successfully
2025-07-12 20:02:43,324 - server - INFO - 数据库连接成功
2025-07-12 20:03:11,835 - server - INFO - 正在关闭数据库连接...
2025-07-12 20:03:11,839 - database - INFO - Closed MongoDB connection
2025-07-12 20:03:11,841 - server - INFO - 数据库连接已关闭
2025-07-12 20:03:12,322 - server - INFO - CORS允许的域名: ['https://cupid-yukio-frontend.vercel.app', 'https://cupid-yukio-frontend-test.vercel.app', 'http://localhost:5173', 'http://127.0.0.1:5173']
2025-07-12 20:03:12,326 - server - INFO - API路由已注册，前缀: /api/v1
2025-07-12 20:03:12,326 - server - INFO - 正在连接数据库...
2025-07-12 20:03:13,357 - database - INFO - Connected to MongoDB successfully
2025-07-12 20:03:13,358 - server - INFO - 数据库连接成功
2025-07-12 20:03:34,717 - server - INFO - 正在关闭数据库连接...
2025-07-12 20:03:34,725 - database - INFO - Closed MongoDB connection
2025-07-12 20:03:34,726 - server - INFO - 数据库连接已关闭
2025-07-12 20:03:35,136 - server - INFO - CORS允许的域名: ['https://cupid-yukio-frontend.vercel.app', 'https://cupid-yukio-frontend-test.vercel.app', 'http://localhost:5173', 'http://127.0.0.1:5173']
2025-07-12 20:03:35,141 - server - INFO - API路由已注册，前缀: /api/v1
2025-07-12 20:03:35,141 - server - INFO - 正在连接数据库...
2025-07-12 20:03:36,064 - database - INFO - Connected to MongoDB successfully
2025-07-12 20:03:36,065 - server - INFO - 数据库连接成功
2025-07-12 20:03:36,376 - server - INFO - CORS允许的域名: ['https://cupid-yukio-frontend.vercel.app', 'https://cupid-yukio-frontend-test.vercel.app', 'http://localhost:5173', 'http://127.0.0.1:5173']
2025-07-12 20:03:36,380 - server - INFO - API路由已注册，前缀: /api/v1
2025-07-12 20:03:36,380 - server - INFO - 正在连接数据库...
2025-07-12 20:03:37,700 - database - INFO - Connected to MongoDB successfully
2025-07-12 20:03:37,700 - server - INFO - 数据库连接成功
2025-07-12 20:15:07,883 - user_service - INFO - 尝试创建女性用户，telegram_id: 9168168168
2025-07-12 20:15:08,973 - user_service - WARNING - final_string字段格式不正确，无法提取问题内容: I understand your inpatience：
Question 1: Xixi

Question 2: Xi huan ma

Question 3: ShaaaaBeeeee

Please click the link below to view quality male matches we just found for you in our miniapp!#end
2025-07-12 20:27:53,783 - server - INFO - 正在关闭数据库连接...
2025-07-12 20:27:54,633 - database - INFO - Closed MongoDB connection
2025-07-12 20:27:54,634 - server - INFO - 数据库连接已关闭
2025-07-12 20:27:55,115 - server - INFO - CORS允许的域名: ['https://cupid-yukio-frontend.vercel.app', 'https://cupid-yukio-frontend-test.vercel.app', 'http://localhost:5173', 'http://127.0.0.1:5173']
2025-07-12 20:27:55,119 - server - INFO - API路由已注册，前缀: /api/v1
2025-07-12 20:27:55,120 - server - INFO - 正在连接数据库...
2025-07-12 20:27:56,789 - database - INFO - Connected to MongoDB successfully
2025-07-12 20:27:56,789 - server - INFO - 数据库连接成功
2025-07-12 20:28:04,268 - server - INFO - 正在关闭数据库连接...
2025-07-12 20:28:04,268 - database - INFO - Closed MongoDB connection
2025-07-12 20:28:04,268 - server - INFO - 数据库连接已关闭
2025-07-12 20:28:04,651 - server - INFO - CORS允许的域名: ['https://cupid-yukio-frontend.vercel.app', 'https://cupid-yukio-frontend-test.vercel.app', 'http://localhost:5173', 'http://127.0.0.1:5173']
2025-07-12 20:28:04,656 - server - INFO - API路由已注册，前缀: /api/v1
2025-07-12 20:28:04,656 - server - INFO - 正在连接数据库...
2025-07-12 20:28:05,592 - database - INFO - Connected to MongoDB successfully
2025-07-12 20:28:05,592 - server - INFO - 数据库连接成功
2025-07-12 20:28:46,475 - user_service - INFO - 尝试创建女性用户，telegram_id: 9168168168
2025-07-12 20:28:47,616 - user_service - WARNING - final_string中未提取到任何问题: I understand your inpatience：
Question 1: Xixi

Question 2: Xi huan ma

Question 3: ShaaaaBeeeee

Please click the link below to view quality male matches we just found for you in our miniapp!#end
2025-07-12 20:37:53,494 - user_service - INFO - 尝试创建女性用户，telegram_id: 600001
2025-07-12 20:37:53,703 - database - INFO - Inserted document with id: 68725721d2d3c57d14ebda2a
2025-07-12 20:37:53,800 - database - INFO - Inserted document with id: 68725721d2d3c57d14ebda2b
2025-07-12 20:37:53,897 - database - INFO - Inserted document with id: 68725721d2d3c57d14ebda2c
2025-07-12 20:37:53,993 - database - INFO - Inserted document with id: 68725721d2d3c57d14ebda2d
2025-07-12 20:37:54,090 - database - INFO - Inserted document with id: 600001
2025-07-12 20:37:54,090 - user_service - INFO - 女性用户创建成功，telegram_id: 600001, User集合ID: 600001
2025-07-12 20:39:51,326 - user_service - INFO - 尝试创建女性用户，telegram_id: 600002
2025-07-12 20:39:51,525 - database - INFO - Inserted document with id: 68725797d2d3c57d14ebda2e
2025-07-12 20:39:51,622 - database - INFO - Inserted document with id: 68725797d2d3c57d14ebda2f
2025-07-12 20:39:51,718 - database - INFO - Inserted document with id: 68725797d2d3c57d14ebda30
2025-07-12 20:39:51,813 - database - INFO - Inserted document with id: 600002
2025-07-12 20:39:51,814 - user_service - INFO - 女性用户创建成功，telegram_id: 600002, User集合ID: 600002
2025-07-12 20:40:29,338 - user_service - INFO - 尝试创建女性用户，telegram_id: 600004
2025-07-12 20:40:29,693 - database - INFO - Inserted document with id: 687257bdd2d3c57d14ebda31
2025-07-12 20:40:29,866 - database - INFO - Inserted document with id: 687257bdd2d3c57d14ebda32
2025-07-12 20:40:30,038 - database - INFO - Inserted document with id: 687257bdd2d3c57d14ebda33
2025-07-12 20:40:30,856 - database - INFO - Inserted document with id: 687257bed2d3c57d14ebda34
2025-07-12 20:40:31,512 - database - INFO - Inserted document with id: 687257bed2d3c57d14ebda35
2025-07-12 20:40:31,819 - database - INFO - Inserted document with id: 600004
2025-07-12 20:40:31,820 - user_service - INFO - 女性用户创建成功，telegram_id: 600004, User集合ID: 600004
